# JRE version: OpenJDK Runtime Environment (11.0.11+9) (build 11.0.11+9-b60-7590822)
# Java VM: OpenJDK 64-Bit Server VM (11.0.11+9-b60-7590822, mixed mode, tiered, compressed oops, g1 gc, windows-amd64)
Heap:
 garbage-first heap   total 131072K, used 100364K [0x0000000080000000, 0x0000000100000000)
  region size 1024K, 22 young (22528K), 4 survivors (4096K)
 Metaspace       used 75812K, capacity 77755K, committed 78080K, reserved 1116160K
  class space    used 9711K, capacity 10395K, committed 10496K, reserved 1048576K
GC Heap History (20 events):
Event: 22.663 GC heap before
{Heap before GC invocations=15 (full 0):
 garbage-first heap   total 131072K, used 99229K [0x0000000080000000, 0x0000000100000000)
  region size 1024K, 47 young (48128K), 6 survivors (6144K)
 Metaspace       used 55639K, capacity 57210K, committed 57472K, reserved 1099776K
  class space    used 7171K, capacity 7746K, committed 7808K, reserved 1048576K
}
Event: 22.676 GC heap after
{Heap after GC invocations=16 (full 0):
 garbage-first heap   total 131072K, used 60513K [0x0000000080000000, 0x0000000100000000)
  region size 1024K, 5 young (5120K), 5 survivors (5120K)
 Metaspace       used 55639K, capacity 57210K, committed 57472K, reserved 1099776K
  class space    used 7171K, capacity 7746K, committed 7808K, reserved 1048576K
}
Event: 22.866 GC heap before
{Heap before GC invocations=16 (full 0):
 garbage-first heap   total 131072K, used 66657K [0x0000000080000000, 0x0000000100000000)
  region size 1024K, 10 young (10240K), 5 survivors (5120K)
 Metaspace       used 55830K, capacity 57392K, committed 57472K, reserved 1099776K
  class space    used 7202K, capacity 7783K, committed 7808K, reserved 1048576K
}
Event: 22.877 GC heap after
{Heap after GC invocations=17 (full 0):
 garbage-first heap   total 131072K, used 63685K [0x0000000080000000, 0x0000000100000000)
  region size 1024K, 4 young (4096K), 4 survivors (4096K)
 Metaspace       used 55830K, capacity 57392K, committed 57472K, reserved 1099776K
  class space    used 7202K, capacity 7783K, committed 7808K, reserved 1048576K
}
Event: 23.324 GC heap before
{Heap before GC invocations=18 (full 0):
 garbage-first heap   total 131072K, used 69829K [0x0000000080000000, 0x0000000100000000)
  region size 1024K, 10 young (10240K), 4 survivors (4096K)
 Metaspace       used 55816K, capacity 57360K, committed 57472K, reserved 1099776K
  class space    used 7192K, capacity 7771K, committed 7808K, reserved 1048576K
}
Event: 23.334 GC heap after
{Heap after GC invocations=19 (full 0):
 garbage-first heap   total 131072K, used 68371K [0x0000000080000000, 0x0000000100000000)
  region size 1024K, 5 young (5120K), 5 survivors (5120K)
 Metaspace       used 55816K, capacity 57360K, committed 57472K, reserved 1099776K
  class space    used 7192K, capacity 7771K, committed 7808K, reserved 1048576K
}
Event: 25.210 GC heap before
{Heap before GC invocations=20 (full 0):
 garbage-first heap   total 131072K, used 104211K [0x0000000080000000, 0x0000000100000000)
  region size 1024K, 38 young (38912K), 5 survivors (5120K)
 Metaspace       used 57969K, capacity 59613K, committed 59776K, reserved 1101824K
  class space    used 7454K, capacity 8054K, committed 8064K, reserved 1048576K
}
Event: 25.215 GC heap after
{Heap after GC invocations=21 (full 0):
 garbage-first heap   total 131072K, used 72580K [0x0000000080000000, 0x0000000100000000)
  region size 1024K, 3 young (3072K), 3 survivors (3072K)
 Metaspace       used 57969K, capacity 59613K, committed 59776K, reserved 1101824K
  class space    used 7454K, capacity 8054K, committed 8064K, reserved 1048576K
}
Event: 27.354 GC heap before
{Heap before GC invocations=21 (full 0):
 garbage-first heap   total 131072K, used 104324K [0x0000000080000000, 0x0000000100000000)
  region size 1024K, 34 young (34816K), 3 survivors (3072K)
 Metaspace       used 62384K, capacity 64093K, committed 64256K, reserved 1105920K
  class space    used 7997K, capacity 8628K, committed 8704K, reserved 1048576K
}
Event: 27.359 GC heap after
{Heap after GC invocations=22 (full 0):
 garbage-first heap   total 131072K, used 73699K [0x0000000080000000, 0x0000000100000000)
  region size 1024K, 4 young (4096K), 4 survivors (4096K)
 Metaspace       used 62384K, capacity 64093K, committed 64256K, reserved 1105920K
  class space    used 7997K, capacity 8628K, committed 8704K, reserved 1048576K
}
Event: 29.500 GC heap before
{Heap before GC invocations=23 (full 0):
 garbage-first heap   total 131072K, used 106467K [0x0000000080000000, 0x0000000100000000)
  region size 1024K, 36 young (36864K), 4 survivors (4096K)
 Metaspace       used 67138K, capacity 68843K, committed 69120K, reserved 1110016K
  class space    used 8571K, capacity 9165K, committed 9216K, reserved 1048576K
}
Event: 29.506 GC heap after
{Heap after GC invocations=24 (full 0):
 garbage-first heap   total 131072K, used 75583K [0x0000000080000000, 0x0000000100000000)
  region size 1024K, 3 young (3072K), 3 survivors (3072K)
 Metaspace       used 67138K, capacity 68843K, committed 69120K, reserved 1110016K
  class space    used 8571K, capacity 9165K, committed 9216K, reserved 1048576K
}
Event: 30.871 GC heap before
{Heap before GC invocations=24 (full 0):
 garbage-first heap   total 131072K, used 107327K [0x0000000080000000, 0x0000000100000000)
  region size 1024K, 35 young (35840K), 3 survivors (3072K)
 Metaspace       used 70576K, capacity 72239K, committed 72320K, reserved 1112064K
  class space    used 8964K, capacity 9588K, committed 9600K, reserved 1048576K
}
Event: 30.884 GC heap after
{Heap after GC invocations=25 (full 0):
 garbage-first heap   total 131072K, used 78642K [0x0000000080000000, 0x0000000100000000)
  region size 1024K, 5 young (5120K), 5 survivors (5120K)
 Metaspace       used 70576K, capacity 72239K, committed 72320K, reserved 1112064K
  class space    used 8964K, capacity 9588K, committed 9600K, reserved 1048576K
}
Event: 31.561 GC heap before
{Heap before GC invocations=26 (full 0):
 garbage-first heap   total 131072K, used 94002K [0x0000000080000000, 0x0000000100000000)
  region size 1024K, 21 young (21504K), 5 survivors (5120K)
 Metaspace       used 71900K, capacity 73648K, committed 73856K, reserved 1114112K
  class space    used 9137K, capacity 9758K, committed 9856K, reserved 1048576K
}
Event: 31.577 GC heap after
{Heap after GC invocations=27 (full 0):
 garbage-first heap   total 131072K, used 80199K [0x0000000080000000, 0x0000000100000000)
  region size 1024K, 2 young (2048K), 2 survivors (2048K)
 Metaspace       used 71900K, capacity 73648K, committed 73856K, reserved 1114112K
  class space    used 9137K, capacity 9758K, committed 9856K, reserved 1048576K
}
Event: 33.193 GC heap before
{Heap before GC invocations=28 (full 0):
 garbage-first heap   total 131072K, used 105799K [0x0000000080000000, 0x0000000100000000)
  region size 1024K, 26 young (26624K), 2 survivors (2048K)
 Metaspace       used 72834K, capacity 74622K, committed 74752K, reserved 1114112K
  class space    used 9275K, capacity 9905K, committed 9984K, reserved 1048576K
}
Event: 33.201 GC heap after
{Heap after GC invocations=29 (full 0):
 garbage-first heap   total 131072K, used 80988K [0x0000000080000000, 0x0000000100000000)
  region size 1024K, 3 young (3072K), 3 survivors (3072K)
 Metaspace       used 72834K, capacity 74622K, committed 74752K, reserved 1114112K
  class space    used 9275K, capacity 9905K, committed 9984K, reserved 1048576K
}
Event: 34.711 GC heap before
{Heap before GC invocations=29 (full 0):
 garbage-first heap   total 131072K, used 105564K [0x0000000080000000, 0x0000000100000000)
  region size 1024K, 27 young (27648K), 3 survivors (3072K)
 Metaspace       used 73650K, capacity 75596K, committed 75904K, reserved 1116160K
  class space    used 9359K, capacity 10037K, committed 10112K, reserved 1048576K
}
Event: 34.720 GC heap after
{Heap after GC invocations=30 (full 0):
 garbage-first heap   total 131072K, used 82956K [0x0000000080000000, 0x0000000100000000)
  region size 1024K, 4 young (4096K), 4 survivors (4096K)
 Metaspace       used 73650K, capacity 75596K, committed 75904K, reserved 1116160K
  class space    used 9359K, capacity 10037K, committed 10112K, reserved 1048576K
}

